{"F:/Software_Engineering/Phase 1 Web Development/Project 7 Freelancer Command Center/React_Fundamentals/testing_react/src/App.tsx": {"path":"F:/Software_Engineering/Phase 1 Web Development/Project 7 Freelancer Command Center/React_Fundamentals/testing_react/src/App.tsx","statementMap":{"0":{"start":{"line":4,"column":1},"end":{"line":7,"column":null}}},"fnMap":{"0":{"name":"App","decl":{"start":{"line":3,"column":9},"end":{"line":3,"column":15}},"loc":{"start":{"line":3,"column":15},"end":{"line":9,"column":null}}}},"branchMap":{},"s":{"0":0},"f":{"0":0},"b":{}}
,"F:/Software_Engineering/Phase 1 Web Development/Project 7 Freelancer Command Center/React_Fundamentals/testing_react/src/main.tsx": {"path":"F:/Software_Engineering/Phase 1 Web Development/Project 7 Freelancer Command Center/React_Fundamentals/testing_react/src/main.tsx","statementMap":{"0":{"start":{"line":6,"column":0},"end":{"line":10,"column":null}}},"fnMap":{},"branchMap":{},"s":{"0":0},"f":{},"b":{}}
,"F:/Software_Engineering/Phase 1 Web Development/Project 7 Freelancer Command Center/React_Fundamentals/testing_react/src/components/Button.tsx": {"path":"F:/Software_Engineering/Phase 1 Web Development/Project 7 Freelancer Command Center/React_Fundamentals/testing_react/src/components/Button.tsx","statementMap":{"0":{"start":{"line":13,"column":22},"end":{"line":45,"column":null}},"1":{"start":{"line":14,"column":27},"end":{"line":14,"column":null}},"2":{"start":{"line":16,"column":1},"end":{"line":23,"column":null}},"3":{"start":{"line":18,"column":3},"end":{"line":18,"column":null}},"4":{"start":{"line":19,"column":3},"end":{"line":19,"column":null}},"5":{"start":{"line":21,"column":3},"end":{"line":21,"column":null}},"6":{"start":{"line":22,"column":3},"end":{"line":22,"column":null}},"7":{"start":{"line":25,"column":1},"end":{"line":35,"column":null}},"8":{"start":{"line":27,"column":3},"end":{"line":27,"column":null}},"9":{"start":{"line":28,"column":3},"end":{"line":28,"column":null}},"10":{"start":{"line":30,"column":3},"end":{"line":30,"column":null}},"11":{"start":{"line":31,"column":3},"end":{"line":31,"column":null}},"12":{"start":{"line":33,"column":3},"end":{"line":33,"column":null}},"13":{"start":{"line":34,"column":3},"end":{"line":34,"column":null}},"14":{"start":{"line":38,"column":2},"end":{"line":41,"column":null}},"15":{"start":{"line":44,"column":1},"end":{"line":44,"column":null}}},"fnMap":{"0":{"name":"(anonymous_0)","decl":{"start":{"line":13,"column":22},"end":{"line":13,"column":23}},"loc":{"start":{"line":13,"column":109},"end":{"line":45,"column":null}}}},"branchMap":{"0":{"loc":{"start":{"line":14,"column":30},"end":{"line":14,"column":93}},"type":"cond-expr","locations":[{"start":{"line":14,"column":42},"end":{"line":14,"column":91}},{"start":{"line":14,"column":91},"end":{"line":14,"column":93}}]},"1":{"loc":{"start":{"line":16,"column":1},"end":{"line":23,"column":null}},"type":"switch","locations":[{"start":{"line":17,"column":2},"end":{"line":19,"column":null}},{"start":{"line":20,"column":2},"end":{"line":22,"column":null}}]},"2":{"loc":{"start":{"line":25,"column":1},"end":{"line":35,"column":null}},"type":"switch","locations":[{"start":{"line":26,"column":2},"end":{"line":28,"column":null}},{"start":{"line":29,"column":2},"end":{"line":31,"column":null}},{"start":{"line":32,"column":2},"end":{"line":34,"column":null}}]},"3":{"loc":{"start":{"line":39,"column":4},"end":{"line":39,"column":null}},"type":"binary-expr","locations":[{"start":{"line":39,"column":4},"end":{"line":39,"column":12}},{"start":{"line":39,"column":12},"end":{"line":39,"column":null}}]}},"s":{"0":1,"1":3,"2":3,"3":0,"4":0,"5":3,"6":3,"7":3,"8":1,"9":1,"10":1,"11":1,"12":1,"13":1,"14":3,"15":3},"f":{"0":3},"b":{"0":[0,3],"1":[0,3],"2":[1,1,1],"3":[3,3]}}
,"F:/Software_Engineering/Phase 1 Web Development/Project 7 Freelancer Command Center/React_Fundamentals/testing_react/src/components/UserDisplay.tsx": {"path":"F:/Software_Engineering/Phase 1 Web Development/Project 7 Freelancer Command Center/React_Fundamentals/testing_react/src/components/UserDisplay.tsx","statementMap":{"0":{"start":{"line":4,"column":27},"end":{"line":22,"column":null}},"1":{"start":{"line":5,"column":25},"end":{"line":5,"column":null}},"2":{"start":{"line":6,"column":27},"end":{"line":6,"column":null}},"3":{"start":{"line":8,"column":1},"end":{"line":17,"column":null}},"4":{"start":{"line":9,"column":2},"end":{"line":16,"column":null}},"5":{"start":{"line":12,"column":4},"end":{"line":12,"column":null}},"6":{"start":{"line":15,"column":4},"end":{"line":15,"column":null}},"7":{"start":{"line":19,"column":1},"end":{"line":19,"column":null}},"8":{"start":{"line":19,"column":12},"end":{"line":19,"column":null}},"9":{"start":{"line":20,"column":1},"end":{"line":20,"column":null}},"10":{"start":{"line":20,"column":12},"end":{"line":20,"column":null}},"11":{"start":{"line":21,"column":1},"end":{"line":21,"column":null}}},"fnMap":{"0":{"name":"(anonymous_0)","decl":{"start":{"line":4,"column":27},"end":{"line":4,"column":28}},"loc":{"start":{"line":4,"column":63},"end":{"line":22,"column":null}}},"1":{"name":"(anonymous_1)","decl":{"start":{"line":8,"column":11},"end":{"line":8,"column":17}},"loc":{"start":{"line":8,"column":17},"end":{"line":17,"column":4}}},"2":{"name":"(anonymous_2)","decl":{"start":{"line":11,"column":9},"end":{"line":11,"column":10}},"loc":{"start":{"line":11,"column":23},"end":{"line":13,"column":4}}},"3":{"name":"(anonymous_3)","decl":{"start":{"line":14,"column":10},"end":{"line":14,"column":11}},"loc":{"start":{"line":14,"column":19},"end":{"line":16,"column":4}}}},"branchMap":{"0":{"loc":{"start":{"line":19,"column":1},"end":{"line":19,"column":null}},"type":"if","locations":[{"start":{"line":19,"column":1},"end":{"line":19,"column":null}},{"start":{},"end":{}}]},"1":{"loc":{"start":{"line":20,"column":1},"end":{"line":20,"column":null}},"type":"if","locations":[{"start":{"line":20,"column":1},"end":{"line":20,"column":null}},{"start":{},"end":{}}]}},"s":{"0":1,"1":5,"2":5,"3":5,"4":3,"5":1,"6":2,"7":5,"8":1,"9":4,"10":3,"11":1},"f":{"0":5,"1":3,"2":1,"3":2},"b":{"0":[1,4],"1":[3,1]}}
,"F:/Software_Engineering/Phase 1 Web Development/Project 7 Freelancer Command Center/React_Fundamentals/testing_react/src/components/Accordion/Accordion.tsx": {"path":"F:/Software_Engineering/Phase 1 Web Development/Project 7 Freelancer Command Center/React_Fundamentals/testing_react/src/components/Accordion/Accordion.tsx","statementMap":{"0":{"start":{"line":9,"column":25},"end":{"line":22,"column":null}},"1":{"start":{"line":10,"column":43},"end":{"line":10,"column":null}},"2":{"start":{"line":12,"column":20},"end":{"line":14,"column":null}},"3":{"start":{"line":13,"column":2},"end":{"line":13,"column":null}},"4":{"start":{"line":13,"column":35},"end":{"line":13,"column":70}},"5":{"start":{"line":16,"column":22},"end":{"line":16,"column":null}},"6":{"start":{"line":16,"column":59},"end":{"line":16,"column":91}},"7":{"start":{"line":17,"column":1},"end":{"line":20,"column":null}}},"fnMap":{"0":{"name":"(anonymous_0)","decl":{"start":{"line":9,"column":25},"end":{"line":9,"column":26}},"loc":{"start":{"line":9,"column":73},"end":{"line":22,"column":null}}},"1":{"name":"(anonymous_1)","decl":{"start":{"line":12,"column":20},"end":{"line":12,"column":21}},"loc":{"start":{"line":12,"column":39},"end":{"line":14,"column":null}}},"2":{"name":"(anonymous_2)","decl":{"start":{"line":13,"column":19},"end":{"line":13,"column":20}},"loc":{"start":{"line":13,"column":35},"end":{"line":13,"column":70}}},"3":{"name":"(anonymous_3)","decl":{"start":{"line":16,"column":30},"end":{"line":16,"column":59}},"loc":{"start":{"line":16,"column":59},"end":{"line":16,"column":91}}}},"branchMap":{"0":{"loc":{"start":{"line":10,"column":67},"end":{"line":10,"column":87}},"type":"binary-expr","locations":[{"start":{"line":10,"column":67},"end":{"line":10,"column":83}},{"start":{"line":10,"column":83},"end":{"line":10,"column":87}}]},"1":{"loc":{"start":{"line":13,"column":35},"end":{"line":13,"column":70}},"type":"cond-expr","locations":[{"start":{"line":13,"column":57},"end":{"line":13,"column":64}},{"start":{"line":13,"column":64},"end":{"line":13,"column":70}}]}},"s":{"0":1,"1":10,"2":10,"3":5,"4":5,"5":10,"6":10,"7":10},"f":{"0":10,"1":5,"2":5,"3":10},"b":{"0":[10,9],"1":[1,4]}}
,"F:/Software_Engineering/Phase 1 Web Development/Project 7 Freelancer Command Center/React_Fundamentals/testing_react/src/components/Accordion/AccordionItem.tsx": {"path":"F:/Software_Engineering/Phase 1 Web Development/Project 7 Freelancer Command Center/React_Fundamentals/testing_react/src/components/Accordion/AccordionItem.tsx","statementMap":{"0":{"start":{"line":10,"column":29},"end":{"line":28,"column":null}},"1":{"start":{"line":11,"column":39},"end":{"line":11,"column":null}},"2":{"start":{"line":13,"column":16},"end":{"line":13,"column":null}},"3":{"start":{"line":15,"column":1},"end":{"line":26,"column":null}},"4":{"start":{"line":17,"column":84},"end":{"line":17,"column":null}}},"fnMap":{"0":{"name":"(anonymous_0)","decl":{"start":{"line":10,"column":29},"end":{"line":10,"column":30}},"loc":{"start":{"line":10,"column":83},"end":{"line":28,"column":null}}},"1":{"name":"(anonymous_1)","decl":{"start":{"line":17,"column":78},"end":{"line":17,"column":84}},"loc":{"start":{"line":17,"column":84},"end":{"line":17,"column":null}}}},"branchMap":{"0":{"loc":{"start":{"line":19,"column":11},"end":{"line":19,"column":30}},"type":"cond-expr","locations":[{"start":{"line":19,"column":20},"end":{"line":19,"column":26}},{"start":{"line":19,"column":26},"end":{"line":19,"column":30}}]},"1":{"loc":{"start":{"line":21,"column":4},"end":{"line":24,"column":null}},"type":"binary-expr","locations":[{"start":{"line":21,"column":4},"end":{"line":21,"column":null}},{"start":{"line":22,"column":4},"end":{"line":24,"column":null}}]}},"s":{"0":1,"1":24,"2":24,"3":24,"4":5},"f":{"0":24,"1":5},"b":{"0":[5,19],"1":[24,5]}}
,"F:/Software_Engineering/Phase 1 Web Development/Project 7 Freelancer Command Center/React_Fundamentals/testing_react/src/components/Accordion/AccordionUsageExample.tsx": {"path":"F:/Software_Engineering/Phase 1 Web Development/Project 7 Freelancer Command Center/React_Fundamentals/testing_react/src/components/Accordion/AccordionUsageExample.tsx","statementMap":{"0":{"start":{"line":4,"column":37},"end":{"line":19,"column":null}},"1":{"start":{"line":5,"column":1},"end":{"line":17,"column":null}}},"fnMap":{"0":{"name":"(anonymous_0)","decl":{"start":{"line":4,"column":37},"end":{"line":4,"column":43}},"loc":{"start":{"line":4,"column":43},"end":{"line":19,"column":null}}}},"branchMap":{},"s":{"0":0,"1":0},"f":{"0":0},"b":{}}
,"F:/Software_Engineering/Phase 1 Web Development/Project 7 Freelancer Command Center/React_Fundamentals/testing_react/src/components/Accordion/accordion_context/AccordionContext.tsx": {"path":"F:/Software_Engineering/Phase 1 Web Development/Project 7 Freelancer Command Center/React_Fundamentals/testing_react/src/components/Accordion/accordion_context/AccordionContext.tsx","statementMap":{"0":{"start":{"line":8,"column":32},"end":{"line":8,"column":null}},"1":{"start":{"line":10,"column":28},"end":{"line":18,"column":null}},"2":{"start":{"line":11,"column":17},"end":{"line":11,"column":null}},"3":{"start":{"line":13,"column":1},"end":{"line":15,"column":null}},"4":{"start":{"line":14,"column":2},"end":{"line":14,"column":null}},"5":{"start":{"line":17,"column":1},"end":{"line":17,"column":null}}},"fnMap":{"0":{"name":"(anonymous_0)","decl":{"start":{"line":10,"column":28},"end":{"line":10,"column":34}},"loc":{"start":{"line":10,"column":34},"end":{"line":18,"column":null}}}},"branchMap":{"0":{"loc":{"start":{"line":13,"column":1},"end":{"line":15,"column":null}},"type":"if","locations":[{"start":{"line":13,"column":1},"end":{"line":15,"column":null}},{"start":{},"end":{}}]}},"s":{"0":1,"1":1,"2":24,"3":24,"4":0,"5":24},"f":{"0":24},"b":{"0":[0,24]}}
,"F:/Software_Engineering/Phase 1 Web Development/Project 7 Freelancer Command Center/React_Fundamentals/testing_react/src/components/ui/button.tsx": {"path":"F:/Software_Engineering/Phase 1 Web Development/Project 7 Freelancer Command Center/React_Fundamentals/testing_react/src/components/ui/button.tsx","statementMap":{"0":{"start":{"line":7,"column":23},"end":{"line":36,"column":null}},"1":{"start":{"line":48,"column":15},"end":{"line":48,"column":null}},"2":{"start":{"line":50,"column":2},"end":{"line":55,"column":null}}},"fnMap":{"0":{"name":"Button","decl":{"start":{"line":38,"column":9},"end":{"line":38,"column":16}},"loc":{"start":{"line":47,"column":5},"end":{"line":57,"column":null}}}},"branchMap":{"0":{"loc":{"start":{"line":42,"column":2},"end":{"line":42,"column":null}},"type":"default-arg","locations":[{"start":{"line":42,"column":12},"end":{"line":42,"column":null}}]},"1":{"loc":{"start":{"line":48,"column":15},"end":{"line":48,"column":null}},"type":"cond-expr","locations":[{"start":{"line":48,"column":25},"end":{"line":48,"column":32}},{"start":{"line":48,"column":32},"end":{"line":48,"column":null}}]}},"s":{"0":0,"1":0,"2":0},"f":{"0":0},"b":{"0":[0],"1":[0,0]}}
,"F:/Software_Engineering/Phase 1 Web Development/Project 7 Freelancer Command Center/React_Fundamentals/testing_react/src/customHooks/useCounter.ts": {"path":"F:/Software_Engineering/Phase 1 Web Development/Project 7 Freelancer Command Center/React_Fundamentals/testing_react/src/customHooks/useCounter.ts","statementMap":{"0":{"start":{"line":17,"column":19},"end":{"line":42,"column":null}},"1":{"start":{"line":18,"column":27},"end":{"line":20,"column":null}},"2":{"start":{"line":19,"column":2},"end":{"line":19,"column":null}},"3":{"start":{"line":22,"column":19},"end":{"line":24,"column":null}},"4":{"start":{"line":23,"column":2},"end":{"line":23,"column":null}},"5":{"start":{"line":23,"column":26},"end":{"line":23,"column":54}},"6":{"start":{"line":26,"column":19},"end":{"line":28,"column":null}},"7":{"start":{"line":27,"column":2},"end":{"line":27,"column":null}},"8":{"start":{"line":27,"column":26},"end":{"line":27,"column":54}},"9":{"start":{"line":30,"column":24},"end":{"line":35,"column":null}},"10":{"start":{"line":32,"column":3},"end":{"line":32,"column":null}},"11":{"start":{"line":37,"column":15},"end":{"line":39,"column":null}},"12":{"start":{"line":38,"column":2},"end":{"line":38,"column":null}},"13":{"start":{"line":41,"column":1},"end":{"line":41,"column":null}}},"fnMap":{"0":{"name":"(anonymous_0)","decl":{"start":{"line":17,"column":19},"end":{"line":17,"column":20}},"loc":{"start":{"line":17,"column":120},"end":{"line":42,"column":null}}},"1":{"name":"(anonymous_1)","decl":{"start":{"line":18,"column":44},"end":{"line":18,"column":50}},"loc":{"start":{"line":18,"column":50},"end":{"line":20,"column":2}}},"2":{"name":"(anonymous_2)","decl":{"start":{"line":22,"column":31},"end":{"line":22,"column":43}},"loc":{"start":{"line":22,"column":43},"end":{"line":24,"column":4}}},"3":{"name":"(anonymous_3)","decl":{"start":{"line":23,"column":11},"end":{"line":23,"column":12}},"loc":{"start":{"line":23,"column":26},"end":{"line":23,"column":54}}},"4":{"name":"(anonymous_4)","decl":{"start":{"line":26,"column":31},"end":{"line":26,"column":43}},"loc":{"start":{"line":26,"column":43},"end":{"line":28,"column":4}}},"5":{"name":"(anonymous_5)","decl":{"start":{"line":27,"column":11},"end":{"line":27,"column":12}},"loc":{"start":{"line":27,"column":26},"end":{"line":27,"column":54}}},"6":{"name":"(anonymous_6)","decl":{"start":{"line":31,"column":2},"end":{"line":31,"column":3}},"loc":{"start":{"line":31,"column":27},"end":{"line":33,"column":null}}},"7":{"name":"(anonymous_7)","decl":{"start":{"line":37,"column":27},"end":{"line":37,"column":39}},"loc":{"start":{"line":37,"column":39},"end":{"line":39,"column":4}}}},"branchMap":{"0":{"loc":{"start":{"line":17,"column":20},"end":{"line":17,"column":120}},"type":"default-arg","locations":[{"start":{"line":17,"column":94},"end":{"line":17,"column":120}}]},"1":{"loc":{"start":{"line":17,"column":22},"end":{"line":17,"column":40}},"type":"default-arg","locations":[{"start":{"line":17,"column":37},"end":{"line":17,"column":40}}]},"2":{"loc":{"start":{"line":17,"column":40},"end":{"line":17,"column":57}},"type":"default-arg","locations":[{"start":{"line":17,"column":46},"end":{"line":17,"column":57}}]},"3":{"loc":{"start":{"line":17,"column":57},"end":{"line":17,"column":72}},"type":"default-arg","locations":[{"start":{"line":17,"column":63},"end":{"line":17,"column":72}}]}},"s":{"0":1,"1":4,"2":3,"3":4,"4":1,"5":1,"6":4,"7":0,"8":0,"9":4,"10":0,"11":4,"12":0,"13":4},"f":{"0":4,"1":3,"2":1,"3":1,"4":0,"5":0,"6":0,"7":0},"b":{"0":[3],"1":[3],"2":[4],"3":[4]}}
,"F:/Software_Engineering/Phase 1 Web Development/Project 7 Freelancer Command Center/React_Fundamentals/testing_react/src/customHooks/useDebounce.ts": {"path":"F:/Software_Engineering/Phase 1 Web Development/Project 7 Freelancer Command Center/React_Fundamentals/testing_react/src/customHooks/useDebounce.ts","statementMap":{"0":{"start":{"line":3,"column":20},"end":{"line":18,"column":null}},"1":{"start":{"line":4,"column":45},"end":{"line":4,"column":null}},"2":{"start":{"line":6,"column":1},"end":{"line":15,"column":null}},"3":{"start":{"line":8,"column":18},"end":{"line":10,"column":null}},"4":{"start":{"line":9,"column":3},"end":{"line":9,"column":null}},"5":{"start":{"line":12,"column":2},"end":{"line":14,"column":null}},"6":{"start":{"line":13,"column":3},"end":{"line":13,"column":null}},"7":{"start":{"line":17,"column":1},"end":{"line":17,"column":null}}},"fnMap":{"0":{"name":"(anonymous_0)","decl":{"start":{"line":3,"column":20},"end":{"line":3,"column":24}},"loc":{"start":{"line":3,"column":61},"end":{"line":18,"column":null}}},"1":{"name":"(anonymous_1)","decl":{"start":{"line":6,"column":11},"end":{"line":6,"column":17}},"loc":{"start":{"line":6,"column":17},"end":{"line":15,"column":4}}},"2":{"name":"(anonymous_2)","decl":{"start":{"line":8,"column":29},"end":{"line":8,"column":35}},"loc":{"start":{"line":8,"column":35},"end":{"line":10,"column":5}}},"3":{"name":"(anonymous_3)","decl":{"start":{"line":12,"column":9},"end":{"line":12,"column":15}},"loc":{"start":{"line":12,"column":15},"end":{"line":14,"column":null}}}},"branchMap":{"0":{"loc":{"start":{"line":3,"column":34},"end":{"line":3,"column":61}},"type":"default-arg","locations":[{"start":{"line":3,"column":50},"end":{"line":3,"column":61}}]}},"s":{"0":2,"1":4,"2":4,"3":3,"4":2,"5":3,"6":3,"7":4},"f":{"0":4,"1":3,"2":2,"3":3},"b":{"0":[0]}}
,"F:/Software_Engineering/Phase 1 Web Development/Project 7 Freelancer Command Center/React_Fundamentals/testing_react/src/lib/utils.ts": {"path":"F:/Software_Engineering/Phase 1 Web Development/Project 7 Freelancer Command Center/React_Fundamentals/testing_react/src/lib/utils.ts","statementMap":{"0":{"start":{"line":5,"column":2},"end":{"line":5,"column":null}}},"fnMap":{"0":{"name":"cn","decl":{"start":{"line":4,"column":16},"end":{"line":4,"column":22}},"loc":{"start":{"line":4,"column":44},"end":{"line":6,"column":null}}}},"branchMap":{},"s":{"0":0},"f":{"0":0},"b":{}}
}
